-1
-1
-1
-1
-1
-1
-1
-1
-1
-1
-1
-1
-1
-1
-1
-1
-1
-1
-1
-1
-1
-1
-1
-1
-1
-1
-1
-1
-1
-1
1976
1977
-1
-1
1979
-1
-1
-1
-1
-1
-1
-1
-1
-1
-1
-1
-1
-1
-1
-1
-1
-1
-1
-1
-1
1979
-1
-1
-1
2205
-1
1971
1983
1975
-1
-1
-1
-1
-1
-1
-1
-1
-1
-1
-1
-1
-1
1966
1980
-1
-1
1983
-1
-1
-1
1972
-1
-1
-1
-1
-1
-1
-1
-1
-1
-1
-1
-1
-1
-1
-1
-1
-1
-1
-1
-1
-1
-1
2205
1972
-1
1972
-1
-1
-1
-1
1967
-1
1976
-1
2016
1983
-1
-1
-1
-1
-1
1973
1968
-1
-1
1964
-1
-1
-1
2207
1969
2016
-1
2016
-1
-1
-1
-1
-1
1979
-1
2205
2016
2206
-1
-1
-1
1983
-1
-1
-1
-1
-1
1977
-1
-1
2205
1976
1968
-1
2016
-1
-1
-1
1977
1963
-1
-1
-1
-1
-1
-1
-1
-1
-1
-1
-1
-1
-1
-1
-1
2016
1974
1970
-1
-1
-1
-1
-1
-1
-1
-1
-1
-1
-1
-1
-1
-1
-1
-1
-1
-1
-1
-1
-1
-1
-1
-1
-1
-1
1964
-1
-1
-1
-1
-1
-1
-1
1967
-1
1983
2205
1969
2016
1971
1533
1967
2205
1975
-1
-1
-1
2205
1976
1967
-1
-1
-1
1979
-1
-1
-1
-1
-1
1979
-1
1983
1967
-1
1980
1964
1976
-1
-1
-1
-1
-1
-1
1975
-1
-1
2204
1967
2205
-1
1963
-1
1533
-1
-1
-1
1983
2206
1997
1979
-1
1962
1966
-1
1977
1969
-1
-1
1968
2205
1980
-1
-1
-1
-1
-1
-1
-1
-1
1965
-1
-1
-1
-1
1978
1983
1983
1998
-1
-1
-1
-1
-1
1998
1983
2205
-1
1967
-1
1962
-1
-1
-1
1980
-1
-1
-1
-1
-1
-1
-1
1976
-1
-1
-1
1981
-1
-1
-1
1981
-1
-1
-1
1963
-1
-1
-1
1997
-1
-1
-1
2204
-1
-1
-1
1988
-1
-1
-1
2204
-1
-1
-1
1966
-1
-1
-1
1972
-1
-1
-1
1979
-1
-1
-1
1966
-1
-1
-1
2204
-1
-1
-1
1997
-1
-1
-1
1966
-1
-1
-1
1971
-1
-1
-1
1989
-1
-1
-1
1971
-1
-1
-1
1978
-1
-1
-1
1978
-1
-1
-1
1979
-1
-1
-1
1980
-1
-1
-1
1973
-1
-1
-1
1997
-1
-1
-1
2204
-1
-1
-1
2204
-1
-1
-1
2204
-1
-1
-1
2204
-1
-1
-1
1989
-1
-1
-1
1989
-1
-1
-1
1989
-1
-1
-1
1989
-1
-1
-1
1990
-1
-1
-1
1990
-1
-1
-1
1990
-1
-1
-1
1990
-1
-1
-1
1990
-1
-1
-1
1990
-1
-1
-1
1990
-1
-1
-1
1990
-1
-1
-1
1991
-1
-1
-1
1991
-1
-1
-1
1991
-1
-1
-1
1991
-1
-1
-1
1991
-1
-1
-1
1991
-1
-1
-1
1991
-1
-1
-1
1991
-1
-1
-1
1992
-1
-1
-1
1992
-1
-1
-1
1992
-1
-1
-1
1992
-1
-1
-1
1992
-1
-1
-1
1992
-1
-1
-1
1992
-1
-1
-1
1992
-1
-1
-1
1993
-1
-1
-1
1993
-1
-1
-1
1993
-1
-1
-1
1993
-1
-1
-1
1994
-1
1994
1995
1993
1994
-1
-1
-1
-1
-1
-1
-1
-1
-1
1993
-1
-1
-1
1993
-1
-1
-1
1994
1993
-1
-1
-1
-1
-1
-1
1995
1994
1994
1995
-1
-1
1996
1994
1996
-1
-1
-1
-1
-1
-1
-1
-1
-1
-1
-1
-1
-1
-1
-1
-1
-1
1997
1989
-1
1995
-1
-1
-1
-1
-1
-1
-1
-1
-1
-1
-1
-1
-1
-1
-1
-1
-1
-1
-1
-1
1994
1995
-1
-1
-1
-1
-1
-1
-1
-1
-1
-1
-1
-1
-1
1996
-1
-1
-1
-1
-1
-1
-1
-1
-1
1995
-1
-1
-1
-1
-1
-1
-1
-1
1996
-1
-1
-1
1995
-1
-1
1989
-1
-1
-1
-1
-1
1979
-1
-1
-1
-1
1995
1997
-1
1996
-1
-1
-1
-1
-1
-1
-1
1997
1996
2203
1975
-1
-1
-1
-1
-1
-1
1971
-1
-1
-1
1968
-1
-1
-1
-1
-1
-1
-1
-1
-1
-1
-1
1996
-1
-1
-1
-1
-1
-1
-1
-1
-1
-1
-1
-1
-1
-1
-1
-1
-1
-1
-1
-1
-1
-1
-1
-1
-1
-1
-1
-1
-1
-1
-1
1980
-1
-1
-1
-1
-1
-1
-1
-1
-1
-1
-1
-1
-1
1996
1977
2204
-1
-1
-1
-1
1997
1979
-1
-1
-1
-1
-1
-1
-1
-1
-1
-1
1989
1997
-1
-1
-1
1997
-1
-1
-1
2203
-1
2208
2203
1997
-1
-1
1989
1865
2203
-1
1997
1983
1997
-1
2204
1979
-1
-1
1973
-1
-1
-1
1980
-1
-1
-1
-1
-1
-1
1962
-1
1977
1962
-1
2204
-1
-1
-1
-1
1970
-1
2208
-1
1968
1968
2204
-1
-1
-1
-1
-1
-1
-1
1979
-1
-1
1963
-1
-1
-1
-1
-1
-1
1980
-1
-1
-1
-1
-1
-1
-1
1969
-1
-1
-1
1966
1963
1989
-1
1989
-1
-1
-1
-1
2204
1989
-1
-1
1988
1973
-1
2204
1989
-1
-1
-1
-1
-1
-1
-1
1997
2204
2208
-1
-1
2208
-1
-1
-1
1968
-1
-1
-1
-1
-1
-1
-1
-1
-1
-1
-1
-1
-1
-1
-1
-1
-1
-1
1967
1988
-1
1973
-1
-1
1980
1980
-1
1968
-1
-1
-1
-1
-1
1976
2208
-1
-1
-1
-1
-1
-1
-1
-1
-1
-1
-1
2208
-1
-1
1979
1989
2204
-1
-1
-1
1967
-1
-1
2204
-1
-1
-1
-1
-1
-1
2213
1865
-1
1970
2204
-1
-1
-1
-1
-1
-1
-1
-1
-1
-1
-1
-1
-1
-1
2016
1998
-1
-1
-1
-1
-1
-1
-1
-1
-1
1997
-1
-1
-1
-1
-1
-1
-1
-1
-1
1989
-1
-1
-1
-1
-1
-1
-1
1544
-1
-1
-1
-1
-1
-1
-1
-1
-1
-1
-1
-1
-1
-1
-1
-1
-1
-1
-1
-1
-1
-1
-1
-1
-1
-1
-1
-1
1976
-1
-1
1983
-1
-1
-1
-1
-1
-1
-1
-1
2208
-1
2208
-1
-1
-1
-1
-1
-1
-1
-1
-1
-1
-1
-1
-1
-1
-1
1981
-1
1966
-1
-1
-1
1548
1962
-1
-1
-1
-1
-1
1964
-1
2208
-1
-1
-1
1980
-1
-1
-1
-1
-1
1548
-1
-1
-1
1976
1989
-1
-1
-1
-1
1979
-1
-1
-1
-1
1994
1533
-1
-1
-1
1974
-1
-1
-1
-1
-1
-1
1967
-1
-1
-1
-1
1972
-1
-1
-1
-1
1998
1533
2205
2209
-1
-1
1989
1967
-1
2205
-1
1969
2209
-1
-1
-1
-1
-1
-1
2016
1983
-1
-1
-1
-1
1533
2016
-1
-1
-1
2205
1968
-1
-1
-1
-1
-1
-1
-1
-1
-1
-1
-1
-1
-1
-1
-1
1983
-1
1979
2205
-1
1984
-1
-1
-1
1969
-1
-1
-1
2016
1978
2207
1968
1979
1966
1962
-1
1984
1980
-1
-1
1979
-1
-1
-1
-1
-1
-1
-1
1963
-1
-1
-1
1978
1533
1963
1972
-1
-1
-1
-1
-1
-1
-1
-1
-1
-1
-1
-1
-1
-1
-1
-1
-1
-1
-1
-1
-1
-1
-1
-1
-1
-1
-1
-1
-1
-1
-1
-1
-1
-1
-1
-1
-1
-1
-1
-1
2205
1974
-1
2205
-1
-1
-1
2204
-1
2205
-1
2199
-1
1977
1968
-1
1977
-1
-1
-1
-1
1971
-1
-1
-1
2198
1977
-1
-1
-1
-1
-1
1964
-1
-1
-1
-1
-1
1983
1861
-1
-1
1967
-1
1962
1970
-1
2204
2205
-1
-1
-1
1998
1979
2198
-1
-1
-1
-1
-1
-1
-1
-1
-1
-1
-1
1974
1976
-1
-1
-1
-1
-1
-1
2203
-1
-1
-1
-1
-1
-1
-1
-1
-1
1861
-1
-1
-1
-1
-1
-1
-1
-1
-1
-1
-1
2204
-1
-1
1530
2203
-1
-1
-1
-1
-1
-1
-1
2198
-1
-1
-1
-1
-1
-1
-1
-1
-1
-1
-1
-1
-1
-1
-1
-1
-1
-1
-1
-1
-1
-1
-1
-1
-1
-1
-1
-1
-1
-1
-1
-1
-1
-1
-1
-1
-1
-1
2197
-1
-1
1975
-1
-1
-1
-1
-1
-1
-1
-1
1963
-1
-1
-1
-1
-1
-1
-1
-1
-1
1964
-1
-1
-1
-1
-1
-1
-1
-1
-1
-1
2203
-1
-1
-1
-1
-1
-1
-1
-1
-1
-1
-1
-1
-1
-1
-1
-1
-1
-1
-1
-1
-1
-1
-1
-1
-1
-1
-1
-1
-1
-1
-1
-1
-1
-1
-1
-1
-1
-1
-1
-1
-1
-1
-1
-1
-1
-1
-1
-1
-1
-1
-1
-1
-1
-1
-1
-1
-1
-1
-1
-1
-1
-1
-1
-1
-1
-1
-1
-1
-1
-1
-1
-1
-1
-1
-1
-1
-1
-1
-1
-1
-1
-1
-1
-1
-1
-1
-1
-1
-1
-1
-1
-1
-1
-1
-1
-1
-1
-1
-1
-1
-1
-1
-1
-1
-1
-1
-1
-1
-1
-1
-1
-1
-1
-1
-1
-1
-1
-1
-1
-1
-1
-1
-1
-1
-1
-1
-1
-1
-1
-1
-1
-1
-1
-1
-1
-1
-1
-1
-1
-1
-1
-1
-1
-1
-1
-1
-1
-1
-1
-1
-1
-1
-1
-1
-1
-1
-1
-1
-1
-1
-1
-1
-1
-1
-1
-1
-1
-1
-1
-1
-1
-1
-1
-1
-1
-1
-1
-1
-1
-1
-1
-1
-1
-1
-1
-1
-1
-1
-1
-1
-1
-1
-1
-1
-1
-1
-1
-1
-1
-1
-1
-1
-1
-1
-1
-1
-1
-1
-1
-1
-1
-1
-1
-1
-1
-1
-1
-1
-1
-1
-1
-1
-1
-1
-1
-1
-1
-1
-1
-1
-1
-1
-1
-1
-1
-1
-1
-1
-1
-1
-1
-1
-1
-1
-1
-1
-1
-1
-1
-1
-1
-1
-1
-1
-1
-1
-1
-1
-1
-1
-1
-1
-1
-1
-1
-1
-1
-1
-1
-1
-1
-1
-1
-1
-1
-1
-1
-1
-1
-1
-1
-1
-1
-1
-1
-1
-1
1972
1966
1967
-1
-1
-1
-1
-1
-1
-1
-1
-1
-1
-1
-1
-1
-1
-1
-1
-1
-1
-1
-1
-1
-1
-1
-1
-1
-1
-1
-1
-1
-1
-1
-1
-1
-1
-1
-1
-1
-1
1875
1862
-1
-1
1973
-1
1876
-1
1876
-1
1861
-1
2197
-1
-1
-1
1861
-1
-1
-1
1975
-1
2198
1975
-1
2198
2198
-1
-1
-1
2198
1861
-1
2197
-1
-1
-1
-1
-1
2240
-1
-1
1530
-1
-1
-1
2204
2199
1861
-1
-1
2197
1861
-1
2203
-1
-1
1965
2204
-1
-1
-1
-1
-1
-1
-1
-1
-1
-1
-1
-1
-1
-1
-1
-1
2197
-1
-1
-1
-1
2205
-1
1861
-1
-1
-1
2198
-1
-1
-1
1979
-1
-1
-1
2198
-1
1965
1976
1962
1875
-1
1968
1983
1531
-1
-1
2204
2205
-1
1966
-1
-1
1969
-1
1965
-1
-1
-1
2197
-1
1970
-1
-1
-1
-1
1976
2197
-1
2198
-1
-1
-1
-1
-1
-1
-1
-1
1973
-1
2198
-1
-1
-1
-1
2205
1972
-1
1964
-1
-1
-1
-1
-1
-1
-1
-1
2205
-1
1980
-1
-1
-1
-1
1977
-1
-1
-1
-1
-1
-1
-1
-1
1965
-1
-1
-1
-1
-1
-1
-1
1981
2205
-1
-1
2205
-1
-1
-1
-1
-1
1978
-1
-1
-1
-1
-1
-1
-1
-1
-1
-1
-1
-1
-1
-1
-1
-1
-1
-1
-1
-1
1863
1864
-1
-1
-1
-1
-1
-1
-1
-1
-1
-1
-1
-1
-1
-1
-1
-1
-1
-1
-1
-1
-1
-1
-1
-1
-1
-1
-1
-1
-1
-1
-1
-1
-1
-1
-1
-1
-1
-1
1984
-1
1963
-1
-1
-1
